//lint:file-ignore U1000 using template
package main

import (
	"fmt"
	gomath "math"
	"math/bits"
	"os"
	"sort"
	"strings"

	"github.com/ywak/atcoder/lib/ds"
	io "github.com/ywak/atcoder/lib/io"
	"github.com/ywak/atcoder/lib/math"
)

func calc(in *io.In, out *io.Out) {
	n, d := in.NextInt2()
	a := in.NextInts(n)
	c := map[int]int{}
	for _, v := range a {
		c[v]++
	}
	b := []int{}
	for k := range c {
		b = append(b, k)
	}
	sort.Slice(b, func(i, j int) bool {
		if d > 0 {
			mi, mj := b[i]%d, b[j]%d
			if mi != mj {
				return mi < mj
			}
		}
		return b[i] < b[j]
	})

	// bについて検証し、数はcを使って数える
	ans := 0
	if d == 0 {
		for _, v := range b {
			ans += max(0, c[v]-1)
		}
	} else {
		// dp[i][j]は、
		// - i番目までの数を見たとき、
		// - j (0: iを使う, 1: i-1を使う, 2: i-2までのいずれかを使う)
		// 選択をしたときに最小の削除数
		dp := ds.NewInt2d(len(b)+1, 3, INF18)
		// debug(b)
		for i, v := range b {
			if i == 0 {
				dp[1][0] = 0    // このまま使う
				dp[1][1] = c[v] // これを削除する
				dp[1][2] = c[v] // 存在しないので
			} else {
				// 1つ前との差がDのときは、直前を使えない
				if abs(b[i]-b[i-1]) != d {
					chmin(&dp[i+1][0], dp[i][0])
				}
				chmin(&dp[i+1][0], dp[i][1])
				chmin(&dp[i+1][0], dp[i][2])

				// ここを使わないケースは
				chmin(&dp[i+1][1], dp[i][0]+c[v])
				chmin(&dp[i+1][2], dp[i][1]+c[v])
				chmin(&dp[i+1][2], dp[i][2]+c[v])
			}
			// debug(i, v, c[v], dp[i+1])
		}

		ans = INF18
		for j := 0; j < 3; j++ {
			chmin(&ans, dp[len(b)][j])
		}
	}

	out.Println(ans)
}

func main() {
	in, out := io.InitIo(&io.InitIoProps{
		DoBuffer: true, // インタラクティブならfalseにすること。
		ReadLine: false,
	})
	defer out.Flush()

	calc(in, out)
}

var isDebugMode = os.Getenv("AT_DEBUG") == "1"

func debug(args ...interface{}) {
	if isDebugMode {
		fmt.Fprintln(os.Stderr, args...)
	}
}

// ==================================================
// 数値操作
// ==================================================

// INF18 は最大値を表す数
const INF18 = math.INF18

// INF9 は最大値を表す数
const INF9 = math.INF9

// N10_6は10^6
const N10_6 = math.N10_6

// max は aとbのうち大きい方を返します。
func max(a, b int) int {
	return math.Max(a, b)
}

// min は aとbのうち小さい方を返します。
func min(a, b int) int {
	return math.Min(a, b)
}

// chmax は aとbのうち大きい方をaに設定します。
func chmax(a *int, b int) bool {
	return math.Chmax(a, b)
}

// chmin は aとbのうち小さい方をaに設定します。
func chmin(a *int, b int) bool {
	return math.Chmin(a, b)
}

// abs は aの絶対値を返します。
func abs(a int) int {
	return math.Abs(a)
}

// pow は aのb乗を返します。
func pow(a, b int) int {
	return math.Pow(a, b)
}

// divceil は a/b の結果を正の無限大に近づけるように丸めて返します。
func divceil(a, b int) int {
	return math.Divceil(a, b)
}

// divfloor は a/b の結果を負の無限大に近づけるように丸めて返します。
func divfloor(a, b int) int {
	return math.Divfloor(a, b)
}

// powmod は (x^n) mod m を返します。
func powmod(x, n, m int) int {
	return math.Powmod(x, n, m)
}

// gcdはaとbの最大公約数を返します。
func gcd(a, b int) int {
	return math.Gcd(a, b)
}

// lcmはaとbの最小公倍数を返します。
func lcm(a, b int) int {
	return math.Lcm(a, b)
}

// sqrtはx^2 <= aとなる最大のaを返します。
func sqrt(a int) int {
	return math.Sqrt(a)
}

// chiはcondがtrueのときok, falseのときngを返します。
func chi(cond bool, ok, ng int) int {
	if cond {
		return ok
	}
	return ng
}

// chbはcondがtrueのときok, falseのときngを返します。
func chb(cond bool, ok, ng byte) byte {
	if cond {
		return ok
	}
	return ng
}

// chsはcondがtrueのときok, falseのときngを返します。
func chs(cond bool, ok, ng string) string {
	if cond {
		return ok
	}
	return ng
}

// extmulはa*bの結果を返します。
// 2つ目の値が+1ならオーバーフロー、-1ならアンダーフローが発生したことを表します。
func extmul(a, b int) (int, int) {
	if a < 0 {
		a, b = -a, -b
	}
	if a == 0 || b == 0 {
		return 0, 0
	} else if a > 0 && b > 0 && a > gomath.MaxInt64/b {
		return 0, +1
	} else if a > gomath.MinInt64/b {
		return 0, -1
	}
	return a * b, 0
}

// ==================================================
// ビット操作
// ==================================================

// nthbit はaのn番目のビットを返します。
func nthbit(a int, n int) int { return int((a >> uint(n)) & 1) }

// popcount はaのうち立っているビットを数えて返します。
func popcount(a int) int {
	return bits.OnesCount(uint(a))
}

func xor(a, b bool) bool { return a != b }

// ==================================================
// 文字列操作
// ==================================================

// toLowerCase は sをすべて小文字にした文字列を返します。
func toLowerCase(s string) string {
	return strings.ToLower(s)
}

// toUpperCase は sをすべて大文字にした文字列を返します。
func toUpperCase(s string) string {
	return strings.ToUpper(s)
}

// isLower はbが小文字かどうかを判定します
func isLower(b byte) bool {
	return 'a' <= b && b <= 'z'
}

// isUpper はbが大文字かどうかを判定します
func isUpper(b byte) bool {
	return 'A' <= b && b <= 'Z'
}
