//lint:file-ignore U1000 using template
package main

import (
	"fmt"
	gomath "math"
	"math/bits"
	"os"
	"strings"

	"github.com/ywak/atcoder/lib/ds"
	io "github.com/ywak/atcoder/lib/io"
	"github.com/ywak/atcoder/lib/math"
)

func calc(in *io.In, out *io.Out) {
	edge := func(x, y int) int {
		return min(x, y)*1000 + max(x, y)
	}
	redge := func(e int) (int, int) {
		return e / 1000, e % 1000
	}

	edges := map[int]bool{}

	n := in.NextInt()
	g := make([][]int, n+1)
	for i := 0; i < n-1; i++ {
		u, v := in.NextInt2()
		g[u] = append(g[u], v)
		g[v] = append(g[v], u)

		edges[edge(u, v)] = true
	}

	// 遇閉路になる辺をすべて列挙して、数を数えればよさそう.
	// 候補は、頂点同士の距離が奇数の辺である
	dist := ds.NewInt2d(n+1, n+1, -2)
	var dfs func(start, curr, prev, d int)
	dfs = func(start, curr, prev, d int) {
		dist[start][curr] = d

		for _, next := range g[curr] {
			if next == prev {
				continue
			}

			dfs(start, next, curr, d+1)
		}
	}
	for i := 1; i <= n; i++ {
		dfs(i, i, -1, 0)
	}

	cands := map[int]bool{}
	for x := 1; x <= n; x++ {
		for y := 1; y <= n; y++ {
			if dist[x][y]%2 == 0 {
				// 距離が偶数なら接続できない
				continue
			}
			e := edge(x, y)
			if _, ex := edges[e]; ex {
				// 既存の辺は使用できない
				continue
			}
			cands[e] = true
		}
	}
	get := func() int {
		for k := range cands {
			return k
		}
		return -1
	}

	var player int
	if len(cands)%2 == 1 {
		out.Println("First")
		player = 0
	} else {
		out.Println("Second")
		player = 1
	}

	for {
		switch player {
		case 0:
			if len(cands) == 0 {
				out.Println(-1, -1)
				return
			}

			e := get()
			if e == -1 {
				out.Println(-1, -1)
				return
			}

			out.Println(redge(e))
			delete(cands, e)
		case 1:
			x, y := in.NextInt2()
			if x == -1 && y == -1 {
				return
			}

			e := edge(x, y)
			if _, ex := cands[e]; !ex {
				out.Println(-1, -1)
				return
			}

			delete(cands, e)
		}
		// 入れ替え
		player = 1 - player
	}
}

func main() {
	in, out := io.InitIo(&io.InitIoProps{
		DoBuffer: false, // インタラクティブならfalseにすること。
		ReadLine: false,
	})
	defer out.Flush()

	calc(in, out)
}

var isDebugMode = os.Getenv("AT_DEBUG") == "1"

func debug(args ...interface{}) {
	if isDebugMode {
		fmt.Fprintln(os.Stderr, args...)
	}
}

// ==================================================
// 数値操作
// ==================================================

// INF18 は最大値を表す数
const INF18 = math.INF18

// INF9 は最大値を表す数
const INF9 = math.INF9

// N10_6は10^6
const N10_6 = math.N10_6

// max は aとbのうち大きい方を返します。
func max(a, b int) int {
	return math.Max(a, b)
}

// min は aとbのうち小さい方を返します。
func min(a, b int) int {
	return math.Min(a, b)
}

// chmax は aとbのうち大きい方をaに設定します。
func chmax(a *int, b int) bool {
	return math.Chmax(a, b)
}

// chmin は aとbのうち小さい方をaに設定します。
func chmin(a *int, b int) bool {
	return math.Chmin(a, b)
}

// abs は aの絶対値を返します。
func abs(a int) int {
	return math.Abs(a)
}

// pow は aのb乗を返します。
func pow(a, b int) int {
	return math.Pow(a, b)
}

// divceil は a/b の結果を正の無限大に近づけるように丸めて返します。
func divceil(a, b int) int {
	return math.Divceil(a, b)
}

// divfloor は a/b の結果を負の無限大に近づけるように丸めて返します。
func divfloor(a, b int) int {
	return math.Divfloor(a, b)
}

// powmod は (x^n) mod m を返します。
func powmod(x, n, m int) int {
	return math.Powmod(x, n, m)
}

// gcdはaとbの最大公約数を返します。
func gcd(a, b int) int {
	return math.Gcd(a, b)
}

// lcmはaとbの最小公倍数を返します。
func lcm(a, b int) int {
	return math.Lcm(a, b)
}

// sqrtはx^2 <= aとなる最大のaを返します。
func sqrt(a int) int {
	return math.Sqrt(a)
}

// chiはcondがtrueのときok, falseのときngを返します。
func chi(cond bool, ok, ng int) int {
	if cond {
		return ok
	}
	return ng
}

// chbはcondがtrueのときok, falseのときngを返します。
func chb(cond bool, ok, ng byte) byte {
	if cond {
		return ok
	}
	return ng
}

// chsはcondがtrueのときok, falseのときngを返します。
func chs(cond bool, ok, ng string) string {
	if cond {
		return ok
	}
	return ng
}

// extmulはa*bの結果を返します。
// 2つ目の値が+1ならオーバーフロー、-1ならアンダーフローが発生したことを表します。
func extmul(a, b int) (int, int) {
	if a < 0 {
		a, b = -a, -b
	}
	if a == 0 || b == 0 {
		return 0, 0
	} else if a > 0 && b > 0 && a > gomath.MaxInt64/b {
		return 0, +1
	} else if a > gomath.MinInt64/b {
		return 0, -1
	}
	return a * b, 0
}

// ==================================================
// ビット操作
// ==================================================

// nthbit はaのn番目のビットを返します。
func nthbit(a int, n int) int { return int((a >> uint(n)) & 1) }

// popcount はaのうち立っているビットを数えて返します。
func popcount(a int) int {
	return bits.OnesCount(uint(a))
}

func xor(a, b bool) bool { return a != b }

// ==================================================
// 文字列操作
// ==================================================

// toLowerCase は sをすべて小文字にした文字列を返します。
func toLowerCase(s string) string {
	return strings.ToLower(s)
}

// toUpperCase は sをすべて大文字にした文字列を返します。
func toUpperCase(s string) string {
	return strings.ToUpper(s)
}

// isLower はbが小文字かどうかを判定します
func isLower(b byte) bool {
	return 'a' <= b && b <= 'z'
}

// isUpper はbが大文字かどうかを判定します
func isUpper(b byte) bool {
	return 'A' <= b && b <= 'Z'
}
