//lint:file-ignore U1000 using template
package main

import (
	"fmt"
	gomath "math"
	"math/bits"
	"os"
	"strings"

	io "github.com/ywak/atcoder/lib/io"
	"github.com/ywak/atcoder/lib/math"
)

const mod = math.Mod998244353

func calc(in *io.In, out *io.Out) {
	n := in.NextInt()
	a := in.NextInts(n)

	// next[i][x][j] i番目の要素から差がxであるような要素のj番目の要素
	next := make([]map[int][]int, n)
	for i := range next {
		next[i] = map[int][]int{}
		for j := i + 1; j < n; j++ {
			next[i][a[j]-a[i]] = append(next[i][a[j]-a[i]], j)
		}
	}

	ans := make([]int, n+1)

	// 初項と2項目を決め打ちして、dpを実施する
	// dp[i][j][k][l]はb_0 = a[i], b_1 = a[j]である等差数列で、k項使用していて、最後の項がa[l]のときの場合の数

	dp := make([][][][]int, n)
	for i := range dp {
		dp[i] = make([][][]int, n)
		for j := range dp[i] {
			dp[i][j] = make([][]int, n+1)
			for k := range dp[i][j] {
				dp[i][j][k] = make([]int, n)
			}
		}
	}

	for i := range a {
		for j := range a {
			if i >= j {
				continue
			}
			d := a[j] - a[i]
			// 初期値
			dp[i][j][2][j] = 1

			// 2以上の各長さについて探索する
			for k := 2; k < n; k++ {
				for l := j; l < n; l++ {
					// l以降で交差が指定された値のものについて設定していく
					for _, nx := range next[l][d] {
						if len(dp) <= i {
							panic(fmt.Sprintf("len(dp) = %d >= %d", len(dp), i))
						}
						if len(dp[i]) <= j {
							panic(fmt.Sprintf("len(dp[%d] = %d >= %d", i, len(dp[i]), j))
						}
						if len(dp[i][j]) <= k+1 {
							panic(fmt.Sprintf("len(dp[%d][%d]) = %d >= %d", i, j, len(dp[i][j]), k+1))
						}
						if len(dp[i][j][k+1]) <= nx {
							panic(fmt.Sprintf("len(dp[%d][%d][%d]) = %d >= %d", i, j, k+1, len(dp[i][j][k+1]), nx))
						}
						mod.Chadd(&dp[i][j][k+1][nx], dp[i][j][k][l])
					}
				}
			}
		}
	}

	// 長さ1のときはn個確定、それ以外はdpテーブルから計算する
	ans[1] = n
	for k := 2; k <= n; k++ {
		for i := 0; i < n; i++ {
			for j := 0; j < n; j++ {
				for l := 0; l < n; l++ {
					mod.Chadd(&ans[k], dp[i][j][k][l])
				}
			}
		}
	}

	out.PrintIntsLn(ans[1:])
}

func main() {
	in, out := io.InitIo(&io.InitIoProps{
		DoBuffer: true, // インタラクティブならfalseにすること。
		ReadLine: false,
	})
	defer out.Flush()

	calc(in, out)
}

var isDebugMode = os.Getenv("AT_DEBUG") == "1"

func debug(args ...interface{}) {
	if isDebugMode {
		fmt.Fprintln(os.Stderr, args...)
	}
}

// ==================================================
// 数値操作
// ==================================================

// INF18 は最大値を表す数
const INF18 = math.INF18

// INF9 は最大値を表す数
const INF9 = math.INF9

// N10_6は10^6
const N10_6 = math.N10_6

// max は aとbのうち大きい方を返します。
func max(a, b int) int {
	return math.Max(a, b)
}

// min は aとbのうち小さい方を返します。
func min(a, b int) int {
	return math.Min(a, b)
}

// chmax は aとbのうち大きい方をaに設定します。
func chmax(a *int, b int) bool {
	return math.Chmax(a, b)
}

// chmin は aとbのうち小さい方をaに設定します。
func chmin(a *int, b int) bool {
	return math.Chmin(a, b)
}

// abs は aの絶対値を返します。
func abs(a int) int {
	return math.Abs(a)
}

// pow は aのb乗を返します。
func pow(a, b int) int {
	return math.Pow(a, b)
}

// divceil は a/b の結果を正の無限大に近づけるように丸めて返します。
func divceil(a, b int) int {
	return math.Divceil(a, b)
}

// divfloor は a/b の結果を負の無限大に近づけるように丸めて返します。
func divfloor(a, b int) int {
	return math.Divfloor(a, b)
}

// powmod は (x^n) mod m を返します。
func powmod(x, n, m int) int {
	return math.Powmod(x, n, m)
}

// gcdはaとbの最大公約数を返します。
func gcd(a, b int) int {
	return math.Gcd(a, b)
}

// lcmはaとbの最小公倍数を返します。
func lcm(a, b int) int {
	return math.Lcm(a, b)
}

// sqrtはx^2 <= aとなる最大のaを返します。
func sqrt(a int) int {
	return math.Sqrt(a)
}

// chiはcondがtrueのときok, falseのときngを返します。
func chi(cond bool, ok, ng int) int {
	if cond {
		return ok
	}
	return ng
}

// chbはcondがtrueのときok, falseのときngを返します。
func chb(cond bool, ok, ng byte) byte {
	if cond {
		return ok
	}
	return ng
}

// chsはcondがtrueのときok, falseのときngを返します。
func chs(cond bool, ok, ng string) string {
	if cond {
		return ok
	}
	return ng
}

// extmulはa*bの結果を返します。
// 2つ目の値が+1ならオーバーフロー、-1ならアンダーフローが発生したことを表します。
func extmul(a, b int) (int, int) {
	if a < 0 {
		a, b = -a, -b
	}
	if a == 0 || b == 0 {
		return 0, 0
	} else if a > 0 && b > 0 && a > gomath.MaxInt64/b {
		return 0, +1
	} else if a > gomath.MinInt64/b {
		return 0, -1
	}
	return a * b, 0
}

// ==================================================
// ビット操作
// ==================================================

// nthbit はaのn番目のビットを返します。
func nthbit(a int, n int) int { return int((a >> uint(n)) & 1) }

// popcount はaのうち立っているビットを数えて返します。
func popcount(a int) int {
	return bits.OnesCount(uint(a))
}

func xor(a, b bool) bool { return a != b }

// ==================================================
// 文字列操作
// ==================================================

// toLowerCase は sをすべて小文字にした文字列を返します。
func toLowerCase(s string) string {
	return strings.ToLower(s)
}

// toUpperCase は sをすべて大文字にした文字列を返します。
func toUpperCase(s string) string {
	return strings.ToUpper(s)
}

// isLower はbが小文字かどうかを判定します
func isLower(b byte) bool {
	return 'a' <= b && b <= 'z'
}

// isUpper はbが大文字かどうかを判定します
func isUpper(b byte) bool {
	return 'A' <= b && b <= 'Z'
}
