//lint:file-ignore U1000 using template
package main

import (
	"fmt"
	gomath "math"
	"math/bits"
	"os"
	"strings"

	io "github.com/ywak/atcoder/lib/io"
	"github.com/ywak/atcoder/lib/math"

	rbt "github.com/emirpasic/gods/trees/redblacktree"
)

type pair struct {
	l, r int
}

func calc(in *io.In, out *io.Out) {
	n, Q := in.NextInt2()
	b := make([]int, n+1)

	// 黒の区間を表す
	m := rbt.NewWith(func(a, b any) int {
		aa, bb := a.(*pair), b.(*pair)
		return aa.l - bb.l
	})

	for _, a := range in.NextInts(Q) {
		// debug("current corror", b[a])
		if b[a] == 0 {
			// 黒を追加する
			// 一個前と一個後を取得し、必要ならマージする
			r := &pair{a, a}
			if node, ex := m.Floor(r); ex {
				lower := node.Key.(*pair)
				// debug(i, a, "lower:", lower)
				if lower.r+1 >= r.l {
					r.l = lower.l
					m.Remove(lower)
				}
			}
			if node, ex := m.Ceiling(r); ex {
				upper := node.Key.(*pair)
				// debug(i, a, "upper:", upper)
				if upper.l <= r.r+1 {
					r.r = upper.r
					m.Remove(upper)
				}
			}
			m.Put(r, nil)
			b[a] = 1
		} else {
			// 白にする
			// 含まれる区間を取得し、あれば分割して保存する
			if node, ex := m.Floor(&pair{a, a}); ex {
				r := node.Key.(*pair)
				m.Remove(r)
				// debug(i, a, "r:", r)
				if r.l < a {
					// debug("save left", r.l, a-1)
					m.Put(&pair{r.l, a - 1}, nil) // 左側を保存
				}
				if a < r.r {
					// debug("save right", a+1, r.r)
					m.Put(&pair{a + 1, r.r}, nil) // 右側を保存
				}
			}
			b[a] = 0
		}
		out.Println(m.Size())
		// debug(m.String())
	}
}

func main() {
	in, out := io.InitIo(&io.InitIoProps{
		DoBuffer: true, // インタラクティブならfalseにすること。
		ReadLine: false,
	})
	defer out.Flush()

	calc(in, out)
}

var isDebugMode = os.Getenv("AT_DEBUG") == "1"

func debug(args ...interface{}) {
	if isDebugMode {
		fmt.Fprintln(os.Stderr, args...)
	}
}

func debugf(format string, args ...interface{}) {
	if isDebugMode {
		fmt.Fprintf(os.Stderr, format+"\n", args...)
	}
}

// ==================================================
// 数値操作
// ==================================================

// INF18 は最大値を表す数
const INF18 = math.INF18

// INF9 は最大値を表す数
const INF9 = math.INF9

// N10_6は10^6
const N10_6 = math.N10_6

// max は aとbのうち大きい方を返します。
func max(a, b int) int {
	return math.Max(a, b)
}

// min は aとbのうち小さい方を返します。
func min(a, b int) int {
	return math.Min(a, b)
}

// chmax は aとbのうち大きい方をaに設定します。
func chmax(a *int, b int) bool {
	return math.Chmax(a, b)
}

// chmin は aとbのうち小さい方をaに設定します。
func chmin(a *int, b int) bool {
	return math.Chmin(a, b)
}

// abs は aの絶対値を返します。
func abs(a int) int {
	return math.Abs(a)
}

// pow は aのb乗を返します。
func pow(a, b int) int {
	return math.Pow(a, b)
}

// divceil は a/b の結果を正の無限大に近づけるように丸めて返します。
func divceil(a, b int) int {
	return math.Divceil(a, b)
}

// divfloor は a/b の結果を負の無限大に近づけるように丸めて返します。
func divfloor(a, b int) int {
	return math.Divfloor(a, b)
}

// powmod は (x^n) mod m を返します。
func powmod(x, n, m int) int {
	return math.Powmod(x, n, m)
}

// gcdはaとbの最大公約数を返します。
func gcd(a, b int) int {
	return math.Gcd(a, b)
}

// lcmはaとbの最小公倍数を返します。
func lcm(a, b int) int {
	return math.Lcm(a, b)
}

// sqrtはx^2 <= aとなる最大のaを返します。
func sqrt(a int) int {
	return math.Sqrt(a)
}

// chiはcondがtrueのときok, falseのときngを返します。
func chi(cond bool, ok, ng int) int {
	if cond {
		return ok
	}
	return ng
}

// chbはcondがtrueのときok, falseのときngを返します。
func chb(cond bool, ok, ng byte) byte {
	if cond {
		return ok
	}
	return ng
}

// chsはcondがtrueのときok, falseのときngを返します。
func chs(cond bool, ok, ng string) string {
	if cond {
		return ok
	}
	return ng
}

// extmulはa*bの結果を返します。
// 2つ目の値が+1ならオーバーフロー、-1ならアンダーフローが発生したことを表します。
func extmul(a, b int) (int, int) {
	if a < 0 {
		a, b = -a, -b
	}
	if a == 0 || b == 0 {
		return 0, 0
	} else if a > 0 && b > 0 && a > gomath.MaxInt64/b {
		return 0, +1
	} else if a > gomath.MinInt64/b {
		return 0, -1
	}
	return a * b, 0
}

// ==================================================
// ビット操作
// ==================================================

// nthbit はaのn番目のビットを返します。
func nthbit(a int, n int) int { return int((a >> uint(n)) & 1) }

// popcount はaのうち立っているビットを数えて返します。
func popcount(a int) int {
	return bits.OnesCount(uint(a))
}

func xor(a, b bool) bool { return a != b }

// ==================================================
// 文字列操作
// ==================================================

// toLowerCase は sをすべて小文字にした文字列を返します。
func toLowerCase(s string) string {
	return strings.ToLower(s)
}

// toUpperCase は sをすべて大文字にした文字列を返します。
func toUpperCase(s string) string {
	return strings.ToUpper(s)
}

// isLower はbが小文字かどうかを判定します
func isLower(b byte) bool {
	return 'a' <= b && b <= 'z'
}

// isUpper はbが大文字かどうかを判定します
func isUpper(b byte) bool {
	return 'A' <= b && b <= 'Z'
}
