//lint:file-ignore U1000 using template
package main

import (
	"fmt"
	gomath "math"
	"math/bits"
	"os"
	"strings"

	"github.com/ywak/atcoder/lib/ds"
	io "github.com/ywak/atcoder/lib/io"
	"github.com/ywak/atcoder/lib/math"
)

func calc(in *io.In, out *io.Out) {
	t := in.NextInt()
	for q := 0; q < t; q++ {
		n := in.NextInt()
		s := in.NextBytes()

		// dp[i][j]はi番目まで見て、状態が0:先頭の0区間, 1: 1区間, 2: 後半の0区間になるときの最小コスト
		dp := ds.NewInt2d(n+1, 3, INF18)
		dp[0][0] = 0
		for i, b := range s {
			if b == '0' {
				chmin(&dp[i+1][0], dp[i][0])   // そのまま
				chmin(&dp[i+1][1], dp[i][0]+1) // 変更して1の区間へ
				chmin(&dp[i+1][1], dp[i][1]+1) // 変更して1の区間継続
				chmin(&dp[i+1][2], dp[i][0])   // 終わらせる
				chmin(&dp[i+1][2], dp[i][1])   // 終わらせる
				chmin(&dp[i+1][2], dp[i][2])   // そのまま
			} else {
				chmin(&dp[i+1][0], dp[i][0]+1) // 変更して0の区間へ
				chmin(&dp[i+1][1], dp[i][0])   // 変更せず1の区間へ
				chmin(&dp[i+1][1], dp[i][1])   // そのまま
				chmin(&dp[i+1][2], dp[i][0]+1) // 変更して終わらせる
				chmin(&dp[i+1][2], dp[i][1]+1) // 変更して終わらせる
				chmin(&dp[i+1][2], dp[i][2]+1) // 変更して継続
			}
			// debug(q, i, dp[i+1])
		}
		out.Println(min(dp[n][1], dp[n][2]))
	}
}

func main() {
	in, out := io.InitIo(&io.InitIoProps{
		DoBuffer: true, // インタラクティブならfalseにすること。
		ReadLine: false,
	})
	defer out.Flush()

	calc(in, out)
}

var isDebugMode = os.Getenv("AT_DEBUG") == "1"

func debug(args ...interface{}) {
	if isDebugMode {
		fmt.Fprintln(os.Stderr, args...)
	}
}

func debugf(format string, args ...interface{}) {
	if isDebugMode {
		fmt.Fprintf(os.Stderr, format+"\n", args...)
	}
}

// ==================================================
// 数値操作
// ==================================================

// INF18 は最大値を表す数
const INF18 = math.INF18

// INF9 は最大値を表す数
const INF9 = math.INF9

// N10_6は10^6
const N10_6 = math.N10_6

// max は aとbのうち大きい方を返します。
func max(a, b int) int {
	return math.Max(a, b)
}

// min は aとbのうち小さい方を返します。
func min(a, b int) int {
	return math.Min(a, b)
}

// chmax は aとbのうち大きい方をaに設定します。
func chmax(a *int, b int) bool {
	return math.Chmax(a, b)
}

// chmin は aとbのうち小さい方をaに設定します。
func chmin(a *int, b int) bool {
	return math.Chmin(a, b)
}

// abs は aの絶対値を返します。
func abs(a int) int {
	return math.Abs(a)
}

// pow は aのb乗を返します。
func pow(a, b int) int {
	return math.Pow(a, b)
}

// divceil は a/b の結果を正の無限大に近づけるように丸めて返します。
func divceil(a, b int) int {
	return math.Divceil(a, b)
}

// divfloor は a/b の結果を負の無限大に近づけるように丸めて返します。
func divfloor(a, b int) int {
	return math.Divfloor(a, b)
}

// powmod は (x^n) mod m を返します。
func powmod(x, n, m int) int {
	return math.Powmod(x, n, m)
}

// gcdはaとbの最大公約数を返します。
func gcd(a, b int) int {
	return math.Gcd(a, b)
}

// lcmはaとbの最小公倍数を返します。
func lcm(a, b int) int {
	return math.Lcm(a, b)
}

// sqrtはx^2 <= aとなる最大のaを返します。
func sqrt(a int) int {
	return math.Sqrt(a)
}

// chiはcondがtrueのときok, falseのときngを返します。
func chi(cond bool, ok, ng int) int {
	if cond {
		return ok
	}
	return ng
}

// chbはcondがtrueのときok, falseのときngを返します。
func chb(cond bool, ok, ng byte) byte {
	if cond {
		return ok
	}
	return ng
}

// chsはcondがtrueのときok, falseのときngを返します。
func chs(cond bool, ok, ng string) string {
	if cond {
		return ok
	}
	return ng
}

// extmulはa*bの結果を返します。
// 2つ目の値が+1ならオーバーフロー、-1ならアンダーフローが発生したことを表します。
func extmul(a, b int) (int, int) {
	if a < 0 {
		a, b = -a, -b
	}
	if a == 0 || b == 0 {
		return 0, 0
	} else if a > 0 && b > 0 && a > gomath.MaxInt64/b {
		return 0, +1
	} else if a > gomath.MinInt64/b {
		return 0, -1
	}
	return a * b, 0
}

// ==================================================
// ビット操作
// ==================================================

// nthbit はaのn番目のビットを返します。
func nthbit(a int, n int) int { return int((a >> uint(n)) & 1) }

// popcount はaのうち立っているビットを数えて返します。
func popcount(a int) int {
	return bits.OnesCount(uint(a))
}

func xor(a, b bool) bool { return a != b }

// ==================================================
// 文字列操作
// ==================================================

// toLowerCase は sをすべて小文字にした文字列を返します。
func toLowerCase(s string) string {
	return strings.ToLower(s)
}

// toUpperCase は sをすべて大文字にした文字列を返します。
func toUpperCase(s string) string {
	return strings.ToUpper(s)
}

// isLower はbが小文字かどうかを判定します
func isLower(b byte) bool {
	return 'a' <= b && b <= 'z'
}

// isUpper はbが大文字かどうかを判定します
func isUpper(b byte) bool {
	return 'A' <= b && b <= 'Z'
}
