//lint:file-ignore U1000 using template
package main

import (
	"fmt"
	gomath "math"
	"math/bits"
	"os"
	"sort"
	"strings"

	"github.com/ywak/atcoder/lib/ds"
	io "github.com/ywak/atcoder/lib/io"
	"github.com/ywak/atcoder/lib/math"
)

func calc(in *io.In, out *io.Out) {
	type pair struct{ a, b int }
	c := ds.NewInt2d(3, 3, 0)
	for i := 0; i < 3; i++ {
		for j := 0; j < 3; j++ {
			c[i][j] = in.NextInt()
		}
	}
	ans := 0.0
	p := math.NewPermutation(9)
	ord := ds.NewInt2d(3, 3, 0)
	for {
		// がっかり？
		ok := true
		for i := 0; i < 9; i++ {
			t := p.Get(i)
			ord[i/3][i%3] = t
		}
		check := func(ps []pair) bool {
			sort.Slice(ps, func(i, j int) bool { return ps[i].a < ps[j].a })
			return !(ps[0].b == ps[1].b && ps[0].b != ps[2].b)
		}

		// 縦にチェックする
		for i := 0; i < 3; i++ {
			val := []pair{}
			for j := 0; j < 3; j++ {
				val = append(val, pair{ord[i][j], c[i][j]})
			}
			ok = ok && check(val)
		}

		// 横
		for i := 0; i < 3; i++ {
			val := []pair{}
			for j := 0; j < 3; j++ {
				val = append(val, pair{ord[j][i], c[j][i]})
			}
			ok = ok && check(val)
		}
		// 斜め
		val1 := []pair{}
		val2 := []pair{}
		for i := 0; i < 3; i++ {
			val1 = append(val1, pair{ord[i][i], c[i][i]})
			val2 = append(val2, pair{ord[i][2-i], c[i][2-i]})
		}
		ok = ok && check(val1)
		ok = ok && check(val2)
		if ok {
			ans += 1
		}

		if !p.Next() {
			break
		}
	}
	for i := 1; i <= 9; i++ {
		ans /= float64(i)
	}

	out.Printf("%.20f\n", ans)
}

func main() {
	in, out := io.InitIo(&io.InitIoProps{
		DoBuffer: true,
		ReadLine: false,
	})
	defer out.Flush()

	calc(in, out)
}

var isDebugMode = os.Getenv("AT_DEBUG") == "1"

func debug(args ...interface{}) {
	if isDebugMode {
		fmt.Fprintln(os.Stderr, args...)
	}
}

// ==================================================
// 数値操作
// ==================================================

// INF18 は最大値を表す数
const INF18 = math.INF18

// INF9 は最大値を表す数
const INF9 = math.INF9

// N10_6は10^6
const N10_6 = math.N10_6

// max は aとbのうち大きい方を返します。
func max(a, b int) int {
	return math.Max(a, b)
}

// min は aとbのうち小さい方を返します。
func min(a, b int) int {
	return math.Min(a, b)
}

// chmax は aとbのうち大きい方をaに設定します。
func chmax(a *int, b int) {
	math.Chmax(a, b)
}

// chmin は aとbのうち小さい方をaに設定します。
func chmin(a *int, b int) {
	math.Chmin(a, b)
}

// abs は aの絶対値を返します。
func abs(a int) int {
	return math.Abs(a)
}

// pow は aのb乗を返します。
func pow(a, b int) int {
	return math.Pow(a, b)
}

// divceil は a/b の結果を正の無限大に近づけるように丸めて返します。
func divceil(a, b int) int {
	return math.Divceil(a, b)
}

// divfloor は a/b の結果を負の無限大に近づけるように丸めて返します。
func divfloor(a, b int) int {
	return math.Divfloor(a, b)
}

// powmod は (x^n) mod m を返します。
func powmod(x, n, m int) int {
	return math.Powmod(x, n, m)
}

// gcdはaとbの最大公約数を返します。
func gcd(a, b int) int {
	return math.Gcd(a, b)
}

// lcmはaとbの最小公倍数を返します。
func lcm(a, b int) int {
	return math.Lcm(a, b)
}

// chiはcondがtrueのときok, falseのときngを返します。
func chi(cond bool, ok, ng int) int {
	if cond {
		return ok
	}
	return ng
}

// chbはcondがtrueのときok, falseのときngを返します。
func chb(cond bool, ok, ng byte) byte {
	if cond {
		return ok
	}
	return ng
}

// chsはcondがtrueのときok, falseのときngを返します。
func chs(cond bool, ok, ng string) string {
	if cond {
		return ok
	}
	return ng
}

// extmulはa*bの結果を返します。
// 2つ目の値が+1ならオーバーフロー、-1ならアンダーフローが発生したことを表します。
func extmul(a, b int) (int, int) {
	if a < 0 {
		a, b = -a, -b
	}
	if a == 0 || b == 0 {
		return 0, 0
	} else if a > 0 && b > 0 && a > gomath.MaxInt64/b {
		return 0, +1
	} else if a > gomath.MinInt64/b {
		return 0, -1
	}
	return a * b, 0
}

// ==================================================
// ビット操作
// ==================================================

// nthbit はaのn番目のビットを返します。
func nthbit(a int, n int) int { return int((a >> uint(n)) & 1) }

// popcount はaのうち立っているビットを数えて返します。
func popcount(a int) int {
	return bits.OnesCount(uint(a))
}

func xor(a, b bool) bool { return a != b }

// ==================================================
// 文字列操作
// ==================================================

// toLowerCase は sをすべて小文字にした文字列を返します。
func toLowerCase(s string) string {
	return strings.ToLower(s)
}

// toUpperCase は sをすべて大文字にした文字列を返します。
func toUpperCase(s string) string {
	return strings.ToUpper(s)
}

// isLower はbが小文字かどうかを判定します
func isLower(b byte) bool {
	return 'a' <= b && b <= 'z'
}

// isUpper はbが大文字かどうかを判定します
func isUpper(b byte) bool {
	return 'A' <= b && b <= 'Z'
}
