//lint:file-ignore U1000 using template
package main

import (
	"fmt"
	gomath "math"
	"math/bits"
	"os"
	"strings"

	"github.com/ywak/atcoder/lib/ds"
	io "github.com/ywak/atcoder/lib/io"
	"github.com/ywak/atcoder/lib/math"
)

func calc(in *io.In, out *io.Out) {
	dt := []int{0, -1, 0, +1, 0}

	h, w := in.NextInt2()
	s := make([][]byte, h)
	for i := 0; i < h; i++ {
		s[i] = in.NextBytes()
	}

	isout := func(i, j int) bool {
		return i < 0 || h <= i || j < 0 || w <= j || s[i][j] == '#'
	}

	for i := 0; i < h; i++ {
		for j, v := range s[i] {
			if v != '#' {
				continue
			}
			for k := 0; k < 4; k++ {
				ni, nj := i+dt[k], j+dt[k+1]
				if isout(ni, nj) {
					continue
				}

				// 磁石に隣接しているところをxにする
				s[ni][nj] = 'x'
			}
		}
	}

	// .からスタートして.を辿っていけるグループgを決定する。
	// その後、gごとに辿れる箇所を再度探索する
	ans := 0
	g := ds.NewInt2d(h, w, -1)
	gi := 0
	var dfs func(i, j int) int
	dfs = func(i, j int) int {
		a := 1

		g[i][j] = gi
		if s[i][j] != 'x' { // xならここから動けないので無視する。
			for k := 0; k < 4; k++ { // たどり着けるところに移動する
				ni, nj := i+dt[k], j+dt[k+1]
				if isout(ni, nj) {
					continue
				}
				if g[ni][nj] == gi {
					continue
				}
				if s[ni][nj] == '.' && g[ni][nj] != -1 {
					continue
				}

				a += dfs(ni, nj)
			}
		}

		return a
	}

	for i := range s {
		for j, v := range s[i] {
			if g[i][j] != -1 {
				continue
			}
			if v == '#' {
				continue
			}
			chmax(&ans, dfs(i, j))
			gi++
		}
	}

	out.Println(ans)
}

func main() {
	in, out := io.InitIo(&io.InitIoProps{
		DoBuffer: true, // インタラクティブならfalseにすること。
		ReadLine: false,
	})
	defer out.Flush()

	calc(in, out)
}

var isDebugMode = os.Getenv("AT_DEBUG") == "1"

func debug(args ...interface{}) {
	if isDebugMode {
		fmt.Fprintln(os.Stderr, args...)
	}
}

func debugf(format string, args ...interface{}) {
	if isDebugMode {
		fmt.Fprintf(os.Stderr, format+"\n", args...)
	}
}

// ==================================================
// 数値操作
// ==================================================

// INF18 は最大値を表す数
const INF18 = math.INF18

// INF9 は最大値を表す数
const INF9 = math.INF9

// N10_6は10^6
const N10_6 = math.N10_6

// max は aとbのうち大きい方を返します。
func max(a, b int) int {
	return math.Max(a, b)
}

// min は aとbのうち小さい方を返します。
func min(a, b int) int {
	return math.Min(a, b)
}

// chmax は aとbのうち大きい方をaに設定します。
func chmax(a *int, b int) bool {
	return math.Chmax(a, b)
}

// chmin は aとbのうち小さい方をaに設定します。
func chmin(a *int, b int) bool {
	return math.Chmin(a, b)
}

// abs は aの絶対値を返します。
func abs(a int) int {
	return math.Abs(a)
}

// pow は aのb乗を返します。
func pow(a, b int) int {
	return math.Pow(a, b)
}

// divceil は a/b の結果を正の無限大に近づけるように丸めて返します。
func divceil(a, b int) int {
	return math.Divceil(a, b)
}

// divfloor は a/b の結果を負の無限大に近づけるように丸めて返します。
func divfloor(a, b int) int {
	return math.Divfloor(a, b)
}

// powmod は (x^n) mod m を返します。
func powmod(x, n, m int) int {
	return math.Powmod(x, n, m)
}

// gcdはaとbの最大公約数を返します。
func gcd(a, b int) int {
	return math.Gcd(a, b)
}

// lcmはaとbの最小公倍数を返します。
func lcm(a, b int) int {
	return math.Lcm(a, b)
}

// sqrtはx^2 <= aとなる最大のaを返します。
func sqrt(a int) int {
	return math.Sqrt(a)
}

// chiはcondがtrueのときok, falseのときngを返します。
func chi(cond bool, ok, ng int) int {
	if cond {
		return ok
	}
	return ng
}

// chbはcondがtrueのときok, falseのときngを返します。
func chb(cond bool, ok, ng byte) byte {
	if cond {
		return ok
	}
	return ng
}

// chsはcondがtrueのときok, falseのときngを返します。
func chs(cond bool, ok, ng string) string {
	if cond {
		return ok
	}
	return ng
}

// extmulはa*bの結果を返します。
// 2つ目の値が+1ならオーバーフロー、-1ならアンダーフローが発生したことを表します。
func extmul(a, b int) (int, int) {
	if a < 0 {
		a, b = -a, -b
	}
	if a == 0 || b == 0 {
		return 0, 0
	} else if a > 0 && b > 0 && a > gomath.MaxInt64/b {
		return 0, +1
	} else if a > gomath.MinInt64/b {
		return 0, -1
	}
	return a * b, 0
}

// ==================================================
// ビット操作
// ==================================================

// nthbit はaのn番目のビットを返します。
func nthbit(a int, n int) int { return int((a >> uint(n)) & 1) }

// popcount はaのうち立っているビットを数えて返します。
func popcount(a int) int {
	return bits.OnesCount(uint(a))
}

func xor(a, b bool) bool { return a != b }

// ==================================================
// 文字列操作
// ==================================================

// toLowerCase は sをすべて小文字にした文字列を返します。
func toLowerCase(s string) string {
	return strings.ToLower(s)
}

// toUpperCase は sをすべて大文字にした文字列を返します。
func toUpperCase(s string) string {
	return strings.ToUpper(s)
}

// isLower はbが小文字かどうかを判定します
func isLower(b byte) bool {
	return 'a' <= b && b <= 'z'
}

// isUpper はbが大文字かどうかを判定します
func isUpper(b byte) bool {
	return 'A' <= b && b <= 'Z'
}
